<?xml version="1.0" encoding="UTF-8"?>
<beans xmlns="http://www.springframework.org/schema/beans"
	xmlns:xsi="http://www.w3.org/2001/XMLSchema-instance"
	xmlns:context="http://www.springframework.org/schema/context"
	xmlns:tx="http://www.springframework.org/schema/tx"
	xmlns:aop="http://www.springframework.org/schema/aop"
	xmlns:drools="http://drools.org/schema/drools-spring"
	xmlns:util="http://www.springframework.org/schema/util"
	xsi:schemaLocation="http://www.springframework.org/schema/beans http://www.springframework.org/schema/beans/spring-beans-3.0.xsd
		http://www.springframework.org/schema/aop http://www.springframework.org/schema/aop/spring-aop-3.0.xsd
		http://www.springframework.org/schema/context http://www.springframework.org/schema/context/spring-context-3.0.xsd
		http://www.springframework.org/schema/tx http://www.springframework.org/schema/tx/spring-tx-3.0.xsd
		http://drools.org/schema/drools-spring http://drools.org/schema/drools-spring.xsd
		http://www.springframework.org/schema/util http://www.springframework.org/schema/util/spring-util-3.0.xsd">
	
	
	<bean id="abstractKnowledgeProvider"
		class="org.drools.container.spring.beans.persistence.JPAKnowledgeServiceBean"
		abstract="true">

		<property name="entityManagerFactory" ref="entityManagerFactory" />
		<property name="transactionManager" ref="transactionManager" />
		<property name="variablePersisters">
			<util:map>
				<entry key="javax.persistence.Entity"
					value="org.drools.persistence.processinstance.persisters.JPAVariablePersister" />
				<entry key="java.lang.String"
					value="org.drools.persistence.variablepersistence.StringVariablePersister" />
				<entry key="java.io.Serializable"
					value="org.drools.persistence.processinstance.persisters.SerializableVariablePersister" />
			</util:map>
		</property>
		<property name="knowledgeStore" ref="knowledgeStore"/>
	</bean>
	
    <drools:connection id="connection1" type="local" />
    <drools:execution-node id="node1" connection="connection1" />

	<drools:kstore id="knowledgeStore"/>
	
	<context:property-placeholder location="classpath:META-INF/props/env.properties"/>
	
	<bean id="transactionManager" class="org.springframework.orm.jpa.JpaTransactionManager">
		<property name="entityManagerFactory" ref="entityManagerFactory" />
	</bean>

	<bean id="datasource" class="org.springframework.jdbc.datasource.DriverManagerDataSource">
		<property name="driverClassName" value="${jdbc.driverClassName}" />
		<property name="url" value="${jdbc.url}" />
		<property name="username" value="${jdbc.username}" />
		<property name="password" value="${jdbc.password}" />
	</bean>

	<bean id="entityManagerFactory"
		class="org.springframework.orm.jpa.LocalContainerEntityManagerFactoryBean">
		<property name="persistenceUnitName" value="org.drools.persistence.jpa" />
		<property name="dataSource" ref="datasource" />
		<property name="jpaProperties">
			<props>
                <prop key="hibernate.connection.autocommit">${hibernate.connection.autocommit}</prop>
                <prop key="hibernate.max_fetch_depth">${hibernate.max_fetch_depth}</prop>
                <prop key="hibernate.show_sql">${hibernate.show_sql}</prop>
	            <prop key="hibernate.dialect">${hibernate.dialect}</prop>
	            <prop key="hibernate.hbm2ddl.auto">${hibernate.hbm2ddl.auto}</prop>
			</props>
		</property>
	</bean>

   <aop:config proxy-target-class="true">
        <aop:pointcut id="kProvider"
                      expression="execution(* org.drools.container.spring.beans.persistence.JPAKnowledgeServiceBean.*(..))"/>

        <aop:advisor advice-ref="kProviderTxAdvice"
                     pointcut-ref="kProvider"/>
    </aop:config>

    <tx:advice id="kProviderTxAdvice">
        <tx:attributes>
            <tx:method name="newStatefulKnowledgeSession" propagation="REQUIRED"/>
            <tx:method name="loadStatefulKnowledgeSession" propagation="REQUIRED"/>
            <tx:method name="*" propagation="SUPPORTS" read-only="true"/>
        </tx:attributes>
    </tx:advice>
    
</beans>
